12:46:27.947 INFO - Selenium build info: version: '3.7.1', revision: '8a0099a'
12:46:27.948 INFO - Launching a standalone Selenium Server
2019-09-09 12:46:28.064:INFO::main: Logging initialized @1035ms to org.seleniumhq.jetty9.util.log.StdErrLog
12:46:28.221 INFO - Driver class not found: com.opera.core.systems.OperaDriver
12:46:28.314 INFO - Driver provider class org.openqa.selenium.safari.SafariDriver registration is skipped:
 registration capabilities Capabilities {browserName: safari, platform: MAC, version: } does not match the current platform WIN10
12:46:28.471 INFO - Using the passthrough mode handler
2019-09-09 12:46:28.534:INFO:osjs.Server:main: jetty-9.4.5.v20170502
2019-09-09 12:46:28.565:WARN:osjs.SecurityHandler:main: ServletContext@o.s.j.s.ServletContextHandler@1877ab81{/,null,STARTING} has uncovered http methods for path: /
2019-09-09 12:46:28.565:INFO:osjsh.ContextHandler:main: Started o.s.j.s.ServletContextHandler@1877ab81{/,null,AVAILABLE}
2019-09-09 12:46:28.708:INFO:osjs.AbstractConnector:main: Started ServerConnector@1a3869f4{HTTP/1.1,[http/1.1]}{0.0.0.0:4444}
2019-09-09 12:46:28.708:INFO:osjs.Server:main: Started @1674ms
12:46:28.708 INFO - Selenium Server is up and running
2019-09-09 12:46:31.504:INFO:osjshC.ROOT:qtp1521118594-11: org.openqa.selenium.remote.server.WebDriverServlet-5ce81285: Initialising WebDriverServlet
12:46:31.645 INFO - Found handler: org.openqa.selenium.remote.server.commandhandler.BeginSession@36c437d3
12:46:31.661 INFO - /session: Executing POST on /session (handler: BeginSession)
12:46:31.708 INFO - Capabilities are: Capabilities {acceptSslCerts: true, browserName: chrome, chromeOptions: {args: [start-maximized]}, javascriptEnabled: true}
12:46:31.708 INFO - Capabilities {acceptSslCerts: true, browserName: chrome, chromeOptions: {args: [start-maximized]}, javascriptEnabled: true} matched class org.openqa.selenium.remote.server.ServicedSession$Factory (provider: org.openqa.selenium.chrome.ChromeDriverService)
Starting ChromeDriver 2.46.628402 (536cd7adbad73a3783fdc2cab92ab2ba7ec361e1) on port 23059
Only local connections are allowed.
Please protect ports used by ChromeDriver and related test frameworks to prevent access by malicious code.
12:46:36.457 INFO - Detected dialect: OSS
12:46:36.707 INFO - Found handler: org.openqa.selenium.remote.server.ServicedSession@55a794f5
12:46:36.707 INFO - Handler thread for session 49f62b8359d5f9cb6dad69cc7c10a353 (chrome): Executing POST on /session/49f62b8359d5f9cb6dad69cc7c10a353/url (handler: ServicedSession)
12:46:36.707 INFO - To upstream: {"url":"http://google.com"}
12:46:44.002 INFO - To downstream: {"sessionId":"49f62b8359d5f9cb6dad69cc7c10a353","status":0,"value":null}
12:46:44.011 INFO - Found handler: org.openqa.selenium.remote.server.ServicedSession@55a794f5
12:46:44.011 INFO - Handler thread for session 49f62b8359d5f9cb6dad69cc7c10a353 (chrome): Executing POST on /session/49f62b8359d5f9cb6dad69cc7c10a353/url (handler: ServicedSession)
12:46:44.014 INFO - To upstream: {"url":"https://www.airbnb.co.in/"}
12:46:56.545 INFO - To downstream: {"sessionId":"49f62b8359d5f9cb6dad69cc7c10a353","status":0,"value":null}
12:46:56.554 INFO - Found handler: org.openqa.selenium.remote.server.ServicedSession@55a794f5
12:46:56.554 INFO - Handler thread for session 49f62b8359d5f9cb6dad69cc7c10a353 (chrome): Executing POST on /session/49f62b8359d5f9cb6dad69cc7c10a353/elements (handler: ServicedSession)
12:46:56.556 INFO - To upstream: {"using":"css selector","value":"body"}
12:46:56.576 INFO - To downstream: {"sessionId":"49f62b8359d5f9cb6dad69cc7c10a353","status":0,"value":[{"ELEMENT":"0.7360924938998992-1"}]}
12:46:56.582 INFO - Found handler: org.openqa.selenium.remote.server.ServicedSession@55a794f5
12:46:56.583 INFO - Handler thread for session 49f62b8359d5f9cb6dad69cc7c10a353 (chrome): Executing GET on /session/49f62b8359d5f9cb6dad69cc7c10a353/element/0.7360924938998992-1/displayed (handler: ServicedSession)
12:46:56.595 INFO - To downstream: {"sessionId":"49f62b8359d5f9cb6dad69cc7c10a353","status":0,"value":true}
12:46:56.602 INFO - Found handler: org.openqa.selenium.remote.server.ServicedSession@55a794f5
12:46:56.603 INFO - Handler thread for session 49f62b8359d5f9cb6dad69cc7c10a353 (chrome): Executing POST on /session/49f62b8359d5f9cb6dad69cc7c10a353/elements (handler: ServicedSession)
12:46:56.604 INFO - To upstream: {"using":"css selector","value":"nav > ul > li:nth-child(1) > div > div > a > div > div"}
12:46:56.615 INFO - To downstream: {"sessionId":"49f62b8359d5f9cb6dad69cc7c10a353","status":0,"value":[{"ELEMENT":"0.7360924938998992-2"}]}
12:46:56.619 INFO - Found handler: org.openqa.selenium.remote.server.ServicedSession@55a794f5
12:46:56.620 INFO - Handler thread for session 49f62b8359d5f9cb6dad69cc7c10a353 (chrome): Executing GET on /session/49f62b8359d5f9cb6dad69cc7c10a353/element/0.7360924938998992-2/displayed (handler: ServicedSession)
12:46:56.632 INFO - To downstream: {"sessionId":"49f62b8359d5f9cb6dad69cc7c10a353","status":0,"value":true}
12:46:56.641 INFO - Found handler: org.openqa.selenium.remote.server.ServicedSession@55a794f5
12:46:56.641 INFO - Handler thread for session 49f62b8359d5f9cb6dad69cc7c10a353 (chrome): Executing POST on /session/49f62b8359d5f9cb6dad69cc7c10a353/element (handler: ServicedSession)
12:46:56.643 INFO - To upstream: {"using":"css selector","value":"nav > ul > li:nth-child(1) > div > div > a > div > div"}
12:46:56.654 INFO - To downstream: {"sessionId":"49f62b8359d5f9cb6dad69cc7c10a353","status":0,"value":{"ELEMENT":"0.7360924938998992-2"}}
12:46:56.660 INFO - Found handler: org.openqa.selenium.remote.server.ServicedSession@55a794f5
12:46:56.660 INFO - Handler thread for session 49f62b8359d5f9cb6dad69cc7c10a353 (chrome): Executing GET on /session/49f62b8359d5f9cb6dad69cc7c10a353/element/0.7360924938998992-2/text (handler: ServicedSession)
12:46:56.682 INFO - To downstream: {"sessionId":"49f62b8359d5f9cb6dad69cc7c10a353","status":0,"value":"Host a home"}
12:46:56.687 INFO - Found handler: org.openqa.selenium.remote.server.ServicedSession@55a794f5
12:46:56.687 INFO - Handler thread for session 49f62b8359d5f9cb6dad69cc7c10a353 (chrome): Executing POST on /session/49f62b8359d5f9cb6dad69cc7c10a353/url (handler: ServicedSession)
12:46:56.689 INFO - To upstream: {"url":"https://www.airbnb.co.in/"}
12:47:00.456 INFO - To downstream: {"sessionId":"49f62b8359d5f9cb6dad69cc7c10a353","status":0,"value":null}
12:47:00.464 INFO - Found handler: org.openqa.selenium.remote.server.ServicedSession@55a794f5
12:47:00.464 INFO - Handler thread for session 49f62b8359d5f9cb6dad69cc7c10a353 (chrome): Executing POST on /session/49f62b8359d5f9cb6dad69cc7c10a353/elements (handler: ServicedSession)
12:47:00.470 INFO - To upstream: {"using":"css selector","value":"body"}
12:47:00.479 INFO - To downstream: {"sessionId":"49f62b8359d5f9cb6dad69cc7c10a353","status":0,"value":[{"ELEMENT":"0.3108882956607224-1"}]}
12:47:00.484 INFO - Found handler: org.openqa.selenium.remote.server.ServicedSession@55a794f5
12:47:00.484 INFO - Handler thread for session 49f62b8359d5f9cb6dad69cc7c10a353 (chrome): Executing GET on /session/49f62b8359d5f9cb6dad69cc7c10a353/element/0.3108882956607224-1/displayed (handler: ServicedSession)
12:47:00.511 INFO - To downstream: {"sessionId":"49f62b8359d5f9cb6dad69cc7c10a353","status":0,"value":true}
12:47:00.519 INFO - Found handler: org.openqa.selenium.remote.server.ServicedSession@55a794f5
12:47:00.519 INFO - Handler thread for session 49f62b8359d5f9cb6dad69cc7c10a353 (chrome): Executing POST on /session/49f62b8359d5f9cb6dad69cc7c10a353/elements (handler: ServicedSession)
12:47:00.521 INFO - To upstream: {"using":"css selector","value":"nav > ul > li:nth-child(2) > div > div > a > div > div"}
12:47:00.594 INFO - To downstream: {"sessionId":"49f62b8359d5f9cb6dad69cc7c10a353","status":0,"value":[{"ELEMENT":"0.3108882956607224-2"}]}
12:47:00.600 INFO - Found handler: org.openqa.selenium.remote.server.ServicedSession@55a794f5
12:47:00.600 INFO - Handler thread for session 49f62b8359d5f9cb6dad69cc7c10a353 (chrome): Executing GET on /session/49f62b8359d5f9cb6dad69cc7c10a353/element/0.3108882956607224-2/displayed (handler: ServicedSession)
12:47:00.625 INFO - To downstream: {"sessionId":"49f62b8359d5f9cb6dad69cc7c10a353","status":0,"value":true}
12:47:00.639 INFO - Found handler: org.openqa.selenium.remote.server.ServicedSession@55a794f5
12:47:00.639 INFO - Handler thread for session 49f62b8359d5f9cb6dad69cc7c10a353 (chrome): Executing POST on /session/49f62b8359d5f9cb6dad69cc7c10a353/element (handler: ServicedSession)
12:47:00.641 INFO - To upstream: {"using":"css selector","value":"nav > ul > li:nth-child(2) > div > div > a > div > div"}
12:47:00.657 INFO - To downstream: {"sessionId":"49f62b8359d5f9cb6dad69cc7c10a353","status":0,"value":{"ELEMENT":"0.3108882956607224-2"}}
12:47:00.667 INFO - Found handler: org.openqa.selenium.remote.server.ServicedSession@55a794f5
12:47:00.667 INFO - Handler thread for session 49f62b8359d5f9cb6dad69cc7c10a353 (chrome): Executing GET on /session/49f62b8359d5f9cb6dad69cc7c10a353/element/0.3108882956607224-2/text (handler: ServicedSession)
12:47:00.703 INFO - To downstream: {"sessionId":"49f62b8359d5f9cb6dad69cc7c10a353","status":0,"value":"Host an experience"}
12:47:00.708 INFO - Found handler: org.openqa.selenium.remote.server.ServicedSession@55a794f5
12:47:00.708 INFO - Handler thread for session 49f62b8359d5f9cb6dad69cc7c10a353 (chrome): Executing POST on /session/49f62b8359d5f9cb6dad69cc7c10a353/url (handler: ServicedSession)
12:47:00.710 INFO - To upstream: {"url":"https://www.airbnb.co.in/"}
12:47:02.123 INFO - To downstream: {"sessionId":"49f62b8359d5f9cb6dad69cc7c10a353","status":0,"value":null}
12:47:02.131 INFO - Found handler: org.openqa.selenium.remote.server.ServicedSession@55a794f5
12:47:02.131 INFO - Handler thread for session 49f62b8359d5f9cb6dad69cc7c10a353 (chrome): Executing POST on /session/49f62b8359d5f9cb6dad69cc7c10a353/elements (handler: ServicedSession)
12:47:02.134 INFO - To upstream: {"using":"css selector","value":"body"}
12:47:02.197 INFO - To downstream: {"sessionId":"49f62b8359d5f9cb6dad69cc7c10a353","status":0,"value":[{"ELEMENT":"0.39774567543191797-1"}]}
12:47:02.203 INFO - Found handler: org.openqa.selenium.remote.server.ServicedSession@55a794f5
12:47:02.203 INFO - Handler thread for session 49f62b8359d5f9cb6dad69cc7c10a353 (chrome): Executing GET on /session/49f62b8359d5f9cb6dad69cc7c10a353/element/0.39774567543191797-1/displayed (handler: ServicedSession)
12:47:02.222 INFO - To downstream: {"sessionId":"49f62b8359d5f9cb6dad69cc7c10a353","status":0,"value":true}
12:47:02.227 INFO - Found handler: org.openqa.selenium.remote.server.ServicedSession@55a794f5
12:47:02.227 INFO - Handler thread for session 49f62b8359d5f9cb6dad69cc7c10a353 (chrome): Executing POST on /session/49f62b8359d5f9cb6dad69cc7c10a353/elements (handler: ServicedSession)
12:47:02.231 INFO - To upstream: {"using":"css selector","value":"div#FMP-target div._ogalm0 > div > div > div > div"}
12:47:02.239 INFO - To downstream: {"sessionId":"49f62b8359d5f9cb6dad69cc7c10a353","status":0,"value":[{"ELEMENT":"0.39774567543191797-2"}]}
12:47:02.242 INFO - Found handler: org.openqa.selenium.remote.server.ServicedSession@55a794f5
12:47:02.242 INFO - Handler thread for session 49f62b8359d5f9cb6dad69cc7c10a353 (chrome): Executing GET on /session/49f62b8359d5f9cb6dad69cc7c10a353/element/0.39774567543191797-2/displayed (handler: ServicedSession)
12:47:02.253 INFO - To downstream: {"sessionId":"49f62b8359d5f9cb6dad69cc7c10a353","status":0,"value":true}
12:47:02.260 INFO - Found handler: org.openqa.selenium.remote.server.ServicedSession@55a794f5
12:47:02.260 INFO - Handler thread for session 49f62b8359d5f9cb6dad69cc7c10a353 (chrome): Executing POST on /session/49f62b8359d5f9cb6dad69cc7c10a353/element (handler: ServicedSession)
12:47:02.263 INFO - To upstream: {"using":"css selector","value":"div#FMP-target div._ogalm0 > div > div > div > div"}
12:47:02.272 INFO - To downstream: {"sessionId":"49f62b8359d5f9cb6dad69cc7c10a353","status":0,"value":{"ELEMENT":"0.39774567543191797-2"}}
12:47:02.277 INFO - Found handler: org.openqa.selenium.remote.server.ServicedSession@55a794f5
12:47:02.277 INFO - Handler thread for session 49f62b8359d5f9cb6dad69cc7c10a353 (chrome): Executing GET on /session/49f62b8359d5f9cb6dad69cc7c10a353/element/0.39774567543191797-2/text (handler: ServicedSession)
12:47:02.323 INFO - To downstream: {"sessionId":"49f62b8359d5f9cb6dad69cc7c10a353","status":0,"value":"Book unique places to stay and things to do.\nWHERE\nEnter a search term and navigate forward to access suggestions.\nCHECK-IN\nCHECKOUT\nGUESTS\nGuests\nSearch"}
12:47:02.330 INFO - Found handler: org.openqa.selenium.remote.server.ServicedSession@55a794f5
12:47:02.331 INFO - Handler thread for session 49f62b8359d5f9cb6dad69cc7c10a353 (chrome): Executing POST on /session/49f62b8359d5f9cb6dad69cc7c10a353/elements (handler: ServicedSession)
12:47:02.333 INFO - To upstream: {"using":"css selector","value":"nav > ul > li:nth-child(1) > div > div > a > div > div"}
12:47:02.342 INFO - To downstream: {"sessionId":"49f62b8359d5f9cb6dad69cc7c10a353","status":0,"value":[{"ELEMENT":"0.39774567543191797-3"}]}
12:47:02.346 INFO - Found handler: org.openqa.selenium.remote.server.ServicedSession@55a794f5
12:47:02.347 INFO - Handler thread for session 49f62b8359d5f9cb6dad69cc7c10a353 (chrome): Executing GET on /session/49f62b8359d5f9cb6dad69cc7c10a353/element/0.39774567543191797-3/displayed (handler: ServicedSession)
12:47:02.361 INFO - To downstream: {"sessionId":"49f62b8359d5f9cb6dad69cc7c10a353","status":0,"value":true}
12:47:02.367 INFO - Found handler: org.openqa.selenium.remote.server.ServicedSession@55a794f5
12:47:02.368 INFO - Handler thread for session 49f62b8359d5f9cb6dad69cc7c10a353 (chrome): Executing POST on /session/49f62b8359d5f9cb6dad69cc7c10a353/element (handler: ServicedSession)
12:47:02.370 INFO - To upstream: {"using":"css selector","value":"nav > ul > li:nth-child(1) > div > div > a > div > div"}
12:47:02.378 INFO - To downstream: {"sessionId":"49f62b8359d5f9cb6dad69cc7c10a353","status":0,"value":{"ELEMENT":"0.39774567543191797-3"}}
12:47:02.383 INFO - Found handler: org.openqa.selenium.remote.server.ServicedSession@55a794f5
12:47:02.384 INFO - Handler thread for session 49f62b8359d5f9cb6dad69cc7c10a353 (chrome): Executing POST on /session/49f62b8359d5f9cb6dad69cc7c10a353/element/0.39774567543191797-3/click (handler: ServicedSession)
12:47:02.386 INFO - To upstream: 
12:47:07.386 INFO - To downstream: {"sessionId":"49f62b8359d5f9cb6dad69cc7c10a353","status":0,"value":null}
12:47:27.448 INFO - Found handler: org.openqa.selenium.remote.server.ServicedSession@55a794f5
12:47:27.448 INFO - Handler thread for session 49f62b8359d5f9cb6dad69cc7c10a353 (chrome): Executing DELETE on /session/49f62b8359d5f9cb6dad69cc7c10a353 (handler: ServicedSession)
12:47:27.904 INFO - To downstream: {"sessionId":"49f62b8359d5f9cb6dad69cc7c10a353","status":0,"value":null}
